<?xml version="1.0" encoding="UTF-8"?>
<!-- Generated by org.testng.reporters.JUnitXMLReporter -->
<testsuite ignored="0" hostname="DESKTOP-HSNMEPH" failures="0" tests="5" name="Default test" time="21.111" errors="0" timestamp="2022-06-15T23:16:54 ICT">
  <testcase classname="com.nexsoft.cicool.TestLoginUser" name="testLoginWithValidUserAndPassword" time="4.015"/>
  <testcase classname="com.nexsoft.cicool.TestLoginUser" name="testLoginWithValidUserAndWrongPassword" time="3.495"/>
  <testcase classname="com.nexsoft.cicool.TestLoginUser" name="testLogin_usernameNotValid_passwordNotValid" time="2.516"/>
  <testcase classname="com.nexsoft.cicool.TestLoginUser" name="testLogin_usernameEmpty_passwordEmpty" time="2.519"/>
  <testcase classname="com.nexsoft.cicool.TestLoginUser" name="testforgotPassword" time="1.91"/>
</testsuite> <!-- Default test -->
