<?xml version="1.0" encoding="UTF-8"?>
<testng-results ignored="0" total="5" passed="5" failed="0" skipped="0">
  <reporter-output>
    <line>
      <![CDATA[<img src='file://D:\TestScreenshoot\20220615_231716.png'height="450" width="1017"/>]]>
    </line>
    <line>
      <![CDATA[<img src='file://D:\TestScreenshoot\20220615_231720.png'height="450" width="1017"/>]]>
    </line>
    <line>
      <![CDATA[<img src='file://D:\TestScreenshoot\20220615_231722.png'height="450" width="1017"/>]]>
    </line>
    <line>
      <![CDATA[<img src='file://D:\TestScreenshoot\20220615_231725.png'height="450" width="1017"/>]]>
    </line>
    <line>
      <![CDATA[<img src='file://D:\TestScreenshoot\20220615_231727.png'height="450" width="1017"/>]]>
    </line>
  </reporter-output>
  <suite started-at="2022-06-15T23:17:08 ICT" name="SuiteTest" finished-at="2022-06-15T23:17:28 ICT" duration-ms="19886">
    <groups>
    </groups>
    <test started-at="2022-06-15T23:17:08 ICT" name="User Authentication" finished-at="2022-06-15T23:17:28 ICT" duration-ms="19886">
      <class name="com.nexsoft.cicool.TestLoginUser">
        <test-method is-config="true" signature="init()[pri:0, instance:com.nexsoft.cicool.TestLoginUser@5e600dd5]" started-at="2022-06-15T23:17:08 ICT" name="init" finished-at="2022-06-15T23:17:11 ICT" duration-ms="3685" status="PASS">
          <reporter-output>
          </reporter-output>
        </test-method> <!-- init -->
        <test-method is-config="true" signature="cekSession()[pri:0, instance:com.nexsoft.cicool.TestLoginUser@5e600dd5]" started-at="2022-06-15T23:17:11 ICT" name="cekSession" finished-at="2022-06-15T23:17:12 ICT" duration-ms="626" status="PASS">
          <reporter-output>
          </reporter-output>
        </test-method> <!-- cekSession -->
        <test-method signature="testLoginWithValidUserAndPassword()[pri:1, instance:com.nexsoft.cicool.TestLoginUser@5e600dd5]" started-at="2022-06-15T23:17:12 ICT" name="testLoginWithValidUserAndPassword" finished-at="2022-06-15T23:17:16 ICT" duration-ms="3544" status="PASS">
          <reporter-output>
            <line>
              <![CDATA[<img src='file://D:\TestScreenshoot\20220615_231716.png'height="450" width="1017"/>]]>
            </line>
          </reporter-output>
        </test-method> <!-- testLoginWithValidUserAndPassword -->
        <test-method is-config="true" signature="cekSession()[pri:0, instance:com.nexsoft.cicool.TestLoginUser@5e600dd5]" started-at="2022-06-15T23:17:16 ICT" name="cekSession" finished-at="2022-06-15T23:17:16 ICT" duration-ms="642" status="PASS">
          <reporter-output>
          </reporter-output>
        </test-method> <!-- cekSession -->
        <test-method signature="testLoginWithValidUserAndWrongPassword()[pri:2, instance:com.nexsoft.cicool.TestLoginUser@5e600dd5]" started-at="2022-06-15T23:17:16 ICT" name="testLoginWithValidUserAndWrongPassword" finished-at="2022-06-15T23:17:20 ICT" duration-ms="3428" status="PASS">
          <reporter-output>
            <line>
              <![CDATA[<img src='file://D:\TestScreenshoot\20220615_231720.png'height="450" width="1017"/>]]>
            </line>
          </reporter-output>
        </test-method> <!-- testLoginWithValidUserAndWrongPassword -->
        <test-method is-config="true" signature="cekSession()[pri:0, instance:com.nexsoft.cicool.TestLoginUser@5e600dd5]" started-at="2022-06-15T23:17:20 ICT" name="cekSession" finished-at="2022-06-15T23:17:20 ICT" duration-ms="460" status="PASS">
          <reporter-output>
          </reporter-output>
        </test-method> <!-- cekSession -->
        <test-method signature="testLogin_usernameNotValid_passwordNotValid()[pri:3, instance:com.nexsoft.cicool.TestLoginUser@5e600dd5]" started-at="2022-06-15T23:17:20 ICT" name="testLogin_usernameNotValid_passwordNotValid" finished-at="2022-06-15T23:17:22 ICT" duration-ms="2183" status="PASS">
          <reporter-output>
            <line>
              <![CDATA[<img src='file://D:\TestScreenshoot\20220615_231722.png'height="450" width="1017"/>]]>
            </line>
          </reporter-output>
        </test-method> <!-- testLogin_usernameNotValid_passwordNotValid -->
        <test-method is-config="true" signature="cekSession()[pri:0, instance:com.nexsoft.cicool.TestLoginUser@5e600dd5]" started-at="2022-06-15T23:17:22 ICT" name="cekSession" finished-at="2022-06-15T23:17:23 ICT" duration-ms="450" status="PASS">
          <reporter-output>
          </reporter-output>
        </test-method> <!-- cekSession -->
        <test-method signature="testLogin_usernameEmpty_passwordEmpty()[pri:4, instance:com.nexsoft.cicool.TestLoginUser@5e600dd5]" started-at="2022-06-15T23:17:23 ICT" name="testLogin_usernameEmpty_passwordEmpty" finished-at="2022-06-15T23:17:25 ICT" duration-ms="2280" status="PASS">
          <reporter-output>
            <line>
              <![CDATA[<img src='file://D:\TestScreenshoot\20220615_231725.png'height="450" width="1017"/>]]>
            </line>
          </reporter-output>
        </test-method> <!-- testLogin_usernameEmpty_passwordEmpty -->
        <test-method is-config="true" signature="cekSession()[pri:0, instance:com.nexsoft.cicool.TestLoginUser@5e600dd5]" started-at="2022-06-15T23:17:25 ICT" name="cekSession" finished-at="2022-06-15T23:17:26 ICT" duration-ms="517" status="PASS">
          <reporter-output>
          </reporter-output>
        </test-method> <!-- cekSession -->
        <test-method signature="testforgotPassword()[pri:5, instance:com.nexsoft.cicool.TestLoginUser@5e600dd5]" started-at="2022-06-15T23:17:26 ICT" name="testforgotPassword" finished-at="2022-06-15T23:17:28 ICT" duration-ms="1956" status="PASS">
          <reporter-output>
            <line>
              <![CDATA[<img src='file://D:\TestScreenshoot\20220615_231727.png'height="450" width="1017"/>]]>
            </line>
          </reporter-output>
        </test-method> <!-- testforgotPassword -->
      </class> <!-- com.nexsoft.cicool.TestLoginUser -->
    </test> <!-- User Authentication -->
  </suite> <!-- SuiteTest -->
</testng-results>
